<?xml version="1.0" encoding="UTF-8"?>
<testng-results ignored="0" total="1" passed="1" failed="0" skipped="0">
  <reporter-output>
  </reporter-output>
  <suite started-at="2021-12-11T08:09:44 IST" name="Default suite" finished-at="2021-12-11T08:09:44 IST" duration-ms="29">
    <groups>
    </groups>
    <test started-at="2021-12-11T08:09:44 IST" name="Default test" finished-at="2021-12-11T08:09:44 IST" duration-ms="29">
      <class name="com.crm.SDET2526Practice.ReadDataFromCmdTest">
        <test-method signature="read()[pri:0, instance:com.crm.SDET2526Practice.ReadDataFromCmdTest@26275bef]" started-at="2021-12-11T08:09:44 IST" name="read" finished-at="2021-12-11T08:09:44 IST" duration-ms="5" status="PASS">
          <reporter-output>
          </reporter-output>
        </test-method> <!-- read -->
      </class> <!-- com.crm.SDET2526Practice.ReadDataFromCmdTest -->
    </test> <!-- Default test -->
  </suite> <!-- Default suite -->
</testng-results>
